INFO [2022-11-29 11:06:30] $x
INFO [2022-11-29 11:06:30] heat_cold_apo_list
INFO [2022-11-29 11:06:30] 
INFO [2022-11-29 11:06:30] $filename
INFO [2022-11-29 11:06:30] NULL
INFO [2022-11-29 11:06:30] 
INFO [2022-11-29 11:06:30] $col
INFO [2022-11-29 11:06:30] [1] "transparent"
INFO [2022-11-29 11:06:30] 
INFO [2022-11-29 11:06:30] $fill
INFO [2022-11-29 11:06:30] c("#ea6227", "#68a2ff")
INFO [2022-11-29 11:06:30] 
INFO [2022-11-29 11:06:30] $alpha
INFO [2022-11-29 11:06:30] [1] 0.5
INFO [2022-11-29 11:06:30] 
INFO [2022-11-29 11:06:30] $cex
INFO [2022-11-29 11:06:30] [1] 2.5
INFO [2022-11-29 11:06:30] 
INFO [2022-11-29 11:06:30] $fontfamily
INFO [2022-11-29 11:06:30] [1] "sans"
INFO [2022-11-29 11:06:30] 
INFO [2022-11-29 11:06:30] $fontface
INFO [2022-11-29 11:06:30] [1] "bold"
INFO [2022-11-29 11:06:30] 
INFO [2022-11-29 11:06:30] $cat.default.pos
INFO [2022-11-29 11:06:30] [1] "text"
INFO [2022-11-29 11:06:30] 
INFO [2022-11-29 11:06:30] $cat.col
INFO [2022-11-29 11:06:30] [1] "black"
INFO [2022-11-29 11:06:30] 
INFO [2022-11-29 11:06:30] $cat.cex
INFO [2022-11-29 11:06:30] [1] 2.5
INFO [2022-11-29 11:06:30] 
INFO [2022-11-29 11:06:30] $cat.fontfamily
INFO [2022-11-29 11:06:30] [1] "sans"
INFO [2022-11-29 11:06:30] 
INFO [2022-11-29 11:06:30] $main
INFO [2022-11-29 11:06:30] [1] "Hot"
INFO [2022-11-29 11:06:30] 
INFO [2022-11-29 11:06:30] $cat.dist
INFO [2022-11-29 11:06:30] c(0.08, 0.08)
INFO [2022-11-29 11:06:30] 
INFO [2022-11-29 11:06:30] $cat.pos
INFO [2022-11-29 11:06:30] [1] 1
INFO [2022-11-29 11:06:30] 
