INFO [2022-11-29 11:02:27] $x
INFO [2022-11-29 11:02:27] heat_cold_sym_list
INFO [2022-11-29 11:02:27] 
INFO [2022-11-29 11:02:27] $filename
INFO [2022-11-29 11:02:27] NULL
INFO [2022-11-29 11:02:27] 
INFO [2022-11-29 11:02:27] $col
INFO [2022-11-29 11:02:27] [1] "transparent"
INFO [2022-11-29 11:02:27] 
INFO [2022-11-29 11:02:27] $fill
INFO [2022-11-29 11:02:27] c("orange4", "grey90")
INFO [2022-11-29 11:02:27] 
INFO [2022-11-29 11:02:27] $alpha
INFO [2022-11-29 11:02:27] [1] 0.5
INFO [2022-11-29 11:02:27] 
INFO [2022-11-29 11:02:27] $cex
INFO [2022-11-29 11:02:27] [1] 2.5
INFO [2022-11-29 11:02:27] 
INFO [2022-11-29 11:02:27] $fontfamily
INFO [2022-11-29 11:02:27] [1] "sans"
INFO [2022-11-29 11:02:27] 
INFO [2022-11-29 11:02:27] $fontface
INFO [2022-11-29 11:02:27] [1] "bold"
INFO [2022-11-29 11:02:27] 
INFO [2022-11-29 11:02:27] $cat.default.pos
INFO [2022-11-29 11:02:27] [1] "text"
INFO [2022-11-29 11:02:27] 
INFO [2022-11-29 11:02:27] $cat.col
INFO [2022-11-29 11:02:27] [1] "black"
INFO [2022-11-29 11:02:27] 
INFO [2022-11-29 11:02:27] $cat.cex
INFO [2022-11-29 11:02:27] [1] 2.5
INFO [2022-11-29 11:02:27] 
INFO [2022-11-29 11:02:27] $cat.fontfamily
INFO [2022-11-29 11:02:27] [1] "sans"
INFO [2022-11-29 11:02:27] 
INFO [2022-11-29 11:02:27] $main
INFO [2022-11-29 11:02:27] [1] "Hot"
INFO [2022-11-29 11:02:27] 
INFO [2022-11-29 11:02:27] $cat.dist
INFO [2022-11-29 11:02:27] c(0.08, 0.08)
INFO [2022-11-29 11:02:27] 
INFO [2022-11-29 11:02:27] $cat.pos
INFO [2022-11-29 11:02:27] [1] 1
INFO [2022-11-29 11:02:27] 
