INFO [2022-11-29 11:06:37] $x
INFO [2022-11-29 11:06:37] heat_cold_sym_list
INFO [2022-11-29 11:06:37] 
INFO [2022-11-29 11:06:37] $filename
INFO [2022-11-29 11:06:37] NULL
INFO [2022-11-29 11:06:37] 
INFO [2022-11-29 11:06:37] $col
INFO [2022-11-29 11:06:37] [1] "transparent"
INFO [2022-11-29 11:06:37] 
INFO [2022-11-29 11:06:37] $fill
INFO [2022-11-29 11:06:37] c("#ea6227", "#68a2ff")
INFO [2022-11-29 11:06:37] 
INFO [2022-11-29 11:06:37] $alpha
INFO [2022-11-29 11:06:37] [1] 0.5
INFO [2022-11-29 11:06:37] 
INFO [2022-11-29 11:06:37] $cex
INFO [2022-11-29 11:06:37] [1] 2.5
INFO [2022-11-29 11:06:37] 
INFO [2022-11-29 11:06:37] $fontfamily
INFO [2022-11-29 11:06:37] [1] "sans"
INFO [2022-11-29 11:06:37] 
INFO [2022-11-29 11:06:37] $fontface
INFO [2022-11-29 11:06:37] [1] "bold"
INFO [2022-11-29 11:06:37] 
INFO [2022-11-29 11:06:37] $cat.default.pos
INFO [2022-11-29 11:06:37] [1] "text"
INFO [2022-11-29 11:06:37] 
INFO [2022-11-29 11:06:37] $cat.col
INFO [2022-11-29 11:06:37] [1] "black"
INFO [2022-11-29 11:06:37] 
INFO [2022-11-29 11:06:37] $cat.cex
INFO [2022-11-29 11:06:37] [1] 2.5
INFO [2022-11-29 11:06:37] 
INFO [2022-11-29 11:06:37] $cat.fontfamily
INFO [2022-11-29 11:06:37] [1] "sans"
INFO [2022-11-29 11:06:37] 
INFO [2022-11-29 11:06:37] $main
INFO [2022-11-29 11:06:37] [1] "Hot"
INFO [2022-11-29 11:06:37] 
INFO [2022-11-29 11:06:37] $cat.dist
INFO [2022-11-29 11:06:37] c(0.08, 0.08)
INFO [2022-11-29 11:06:37] 
INFO [2022-11-29 11:06:37] $cat.pos
INFO [2022-11-29 11:06:37] [1] 1
INFO [2022-11-29 11:06:37] 
