INFO [2022-11-29 10:48:38] $x
INFO [2022-11-29 10:48:38] heat_cold_apo_list
INFO [2022-11-29 10:48:38] 
INFO [2022-11-29 10:48:38] $filename
INFO [2022-11-29 10:48:38] NULL
INFO [2022-11-29 10:48:38] 
INFO [2022-11-29 10:48:38] $col
INFO [2022-11-29 10:48:38] [1] "transparent"
INFO [2022-11-29 10:48:38] 
INFO [2022-11-29 10:48:38] $fill
INFO [2022-11-29 10:48:38] c("orange4", "grey90")
INFO [2022-11-29 10:48:38] 
INFO [2022-11-29 10:48:38] $alpha
INFO [2022-11-29 10:48:38] [1] 0.5
INFO [2022-11-29 10:48:38] 
INFO [2022-11-29 10:48:38] $cex
INFO [2022-11-29 10:48:38] [1] 2.5
INFO [2022-11-29 10:48:38] 
INFO [2022-11-29 10:48:38] $fontfamily
INFO [2022-11-29 10:48:38] [1] "sans"
INFO [2022-11-29 10:48:38] 
INFO [2022-11-29 10:48:38] $fontface
INFO [2022-11-29 10:48:38] [1] "bold"
INFO [2022-11-29 10:48:38] 
INFO [2022-11-29 10:48:38] $cat.default.pos
INFO [2022-11-29 10:48:38] [1] "text"
INFO [2022-11-29 10:48:38] 
INFO [2022-11-29 10:48:38] $cat.col
INFO [2022-11-29 10:48:38] [1] "black"
INFO [2022-11-29 10:48:38] 
INFO [2022-11-29 10:48:38] $cat.cex
INFO [2022-11-29 10:48:38] [1] 2.5
INFO [2022-11-29 10:48:38] 
INFO [2022-11-29 10:48:38] $cat.fontfamily
INFO [2022-11-29 10:48:38] [1] "sans"
INFO [2022-11-29 10:48:38] 
INFO [2022-11-29 10:48:38] $main
INFO [2022-11-29 10:48:38] [1] "Hot"
INFO [2022-11-29 10:48:38] 
INFO [2022-11-29 10:48:38] $cat.dist
INFO [2022-11-29 10:48:38] c(0.08, 0.08)
INFO [2022-11-29 10:48:38] 
INFO [2022-11-29 10:48:38] $cat.pos
INFO [2022-11-29 10:48:38] [1] 1
INFO [2022-11-29 10:48:38] 
