INFO [2022-06-14 15:12:26] $x
INFO [2022-06-14 15:12:26] heat_list
INFO [2022-06-14 15:12:26] 
INFO [2022-06-14 15:12:26] $filename
INFO [2022-06-14 15:12:26] NULL
INFO [2022-06-14 15:12:26] 
INFO [2022-06-14 15:12:26] $col
INFO [2022-06-14 15:12:26] [1] "transparent"
INFO [2022-06-14 15:12:26] 
INFO [2022-06-14 15:12:26] $fill
INFO [2022-06-14 15:12:26] c("orange4", "grey90")
INFO [2022-06-14 15:12:26] 
INFO [2022-06-14 15:12:26] $alpha
INFO [2022-06-14 15:12:26] [1] 0.5
INFO [2022-06-14 15:12:26] 
INFO [2022-06-14 15:12:26] $cex
INFO [2022-06-14 15:12:26] [1] 2.5
INFO [2022-06-14 15:12:26] 
INFO [2022-06-14 15:12:26] $fontfamily
INFO [2022-06-14 15:12:26] [1] "sans"
INFO [2022-06-14 15:12:26] 
INFO [2022-06-14 15:12:26] $fontface
INFO [2022-06-14 15:12:26] [1] "bold"
INFO [2022-06-14 15:12:26] 
INFO [2022-06-14 15:12:26] $cat.default.pos
INFO [2022-06-14 15:12:26] [1] "text"
INFO [2022-06-14 15:12:26] 
INFO [2022-06-14 15:12:26] $cat.col
INFO [2022-06-14 15:12:26] [1] "black"
INFO [2022-06-14 15:12:26] 
INFO [2022-06-14 15:12:26] $cat.cex
INFO [2022-06-14 15:12:26] [1] 2.5
INFO [2022-06-14 15:12:26] 
INFO [2022-06-14 15:12:26] $cat.fontfamily
INFO [2022-06-14 15:12:26] [1] "sans"
INFO [2022-06-14 15:12:26] 
INFO [2022-06-14 15:12:26] $main
INFO [2022-06-14 15:12:26] [1] "Hot"
INFO [2022-06-14 15:12:26] 
INFO [2022-06-14 15:12:26] $cat.dist
INFO [2022-06-14 15:12:26] c(0.08, 0.08)
INFO [2022-06-14 15:12:26] 
INFO [2022-06-14 15:12:26] $cat.pos
INFO [2022-06-14 15:12:26] [1] 1
INFO [2022-06-14 15:12:26] 
