INFO [2022-06-14 15:12:29] $x
INFO [2022-06-14 15:12:29] cold_list
INFO [2022-06-14 15:12:29] 
INFO [2022-06-14 15:12:29] $filename
INFO [2022-06-14 15:12:29] NULL
INFO [2022-06-14 15:12:29] 
INFO [2022-06-14 15:12:29] $col
INFO [2022-06-14 15:12:29] [1] "transparent"
INFO [2022-06-14 15:12:29] 
INFO [2022-06-14 15:12:29] $fill
INFO [2022-06-14 15:12:29] c("orange4", "grey90")
INFO [2022-06-14 15:12:29] 
INFO [2022-06-14 15:12:29] $alpha
INFO [2022-06-14 15:12:29] [1] 0.5
INFO [2022-06-14 15:12:29] 
INFO [2022-06-14 15:12:29] $cex
INFO [2022-06-14 15:12:29] [1] 2.5
INFO [2022-06-14 15:12:29] 
INFO [2022-06-14 15:12:29] $fontfamily
INFO [2022-06-14 15:12:29] [1] "sans"
INFO [2022-06-14 15:12:29] 
INFO [2022-06-14 15:12:29] $fontface
INFO [2022-06-14 15:12:29] [1] "bold"
INFO [2022-06-14 15:12:29] 
INFO [2022-06-14 15:12:29] $cat.default.pos
INFO [2022-06-14 15:12:29] [1] "text"
INFO [2022-06-14 15:12:29] 
INFO [2022-06-14 15:12:29] $cat.col
INFO [2022-06-14 15:12:29] [1] "black"
INFO [2022-06-14 15:12:29] 
INFO [2022-06-14 15:12:29] $cat.cex
INFO [2022-06-14 15:12:29] [1] 2.5
INFO [2022-06-14 15:12:29] 
INFO [2022-06-14 15:12:29] $cat.fontfamily
INFO [2022-06-14 15:12:29] [1] "sans"
INFO [2022-06-14 15:12:29] 
INFO [2022-06-14 15:12:29] $main
INFO [2022-06-14 15:12:29] [1] "Cold"
INFO [2022-06-14 15:12:29] 
INFO [2022-06-14 15:12:29] $cat.dist
INFO [2022-06-14 15:12:29] c(0.08, 0.08)
INFO [2022-06-14 15:12:29] 
INFO [2022-06-14 15:12:29] $cat.pos
INFO [2022-06-14 15:12:29] [1] 1
INFO [2022-06-14 15:12:29] 
